<?xml version="1.0" encoding="UTF-8"?>
<beans xmlns="http://www.springframework.org/schema/beans"
       xmlns:xsi="http://www.w3.org/2001/XMLSchema-instance"
      xmlns:context='http://www.springframework.org/schema/context'
       xsi:schemaLocation="
            http://www.springframework.org/schema/beans
            http://www.springframework.org/schema/beans/spring-beans.xsd
            http://www.springframework.org/schema/context
            http://www.springframework.org/schema/context/spring-context.xsd">
	
	
	<context:component-scan base-package="com.hg.awesome.rediscache">
		<!-- 不扫描带有@Controller注解的类 这些类已经随容器启动时扫描过-->
		<context:exclude-filter type="annotation" expression="org.springframework.stereotype.Controller" />   
	</context:component-scan>
	
	<import resource="classpath:cache/spring-rediscache.xml" />
</beans>